[0.006s] Invoking command in '/home/dl/ROSHW_ws/build/mine_pubsub': AMENT_PREFIX_PATH=/home/dl/ROSHW_ws/install/my_interfaces:${AMENT_PREFIX_PATH} CMAKE_PREFIX_PATH=/home/dl/ROSHW_ws/install/my_interfaces:/opt/ros/humble LD_LIBRARY_PATH=/home/dl/ROSHW_ws/install/my_interfaces/lib:${LD_LIBRARY_PATH} PYTHONPATH=/home/dl/ROSHW_ws/install/my_interfaces/local/lib/python3.10/dist-packages:${PYTHONPATH} /usr/bin/cmake --build /home/dl/ROSHW_ws/build/mine_pubsub -- -j16 -l16
[0.037s] [35m[1mConsolidate compiler generated dependencies of target oreyard[0m
[0.048s] [ 50%] Built target miner
[0.052s] [ 75%] [32mBuilding CXX object CMakeFiles/oreyard.dir/src/publisher_oreyard.cpp.o[0m
[1.767s] In file included from [01m[K/home/dl/ROSHW_ws/src/mine_pubsub/src/publisher_oreyard.cpp:1[m[K:
[1.767s] [01m[K/home/dl/ROSHW_ws/src/mine_pubsub/include/mine_pubsub/publisher_oreyard.hpp:36:40:[m[K [01;31m[Kerror: [m[Kâ€˜[01m[Ksrv[m[Kâ€™ is not a member of â€˜[01m[Kmy_interfaces[m[Kâ€™; did you mean â€˜[01m[Krcl_interfaces::srv[m[Kâ€™?
[1.767s]    36 |         rclcpp::Service<my_interfaces::[01;31m[Ksrv[m[K::Digging>::SharedPtr oreyard_server_;
[1.767s]       |                                        [01;31m[K^~~[m[K
[1.767s] In file included from [01m[K/opt/ros/humble/include/rcl_interfaces/rcl_interfaces/srv/describe_parameters.hpp:7[m[K,
[1.767s]                  from [01m[K/opt/ros/humble/include/rclcpp/rclcpp/parameter_client.hpp:28[m[K,
[1.767s]                  from [01m[K/opt/ros/humble/include/rclcpp/rclcpp/rclcpp.hpp:159[m[K,
[1.767s]                  from [01m[K/home/dl/ROSHW_ws/src/mine_pubsub/include/mine_pubsub/publisher_oreyard.hpp:9[m[K,
[1.767s]                  from [01m[K/home/dl/ROSHW_ws/src/mine_pubsub/src/publisher_oreyard.cpp:1[m[K:
[1.767s] [01m[K/opt/ros/humble/include/rcl_interfaces/rcl_interfaces/srv/detail/describe_parameters__struct.hpp:27:11:[m[K [01;36m[Knote: [m[Kâ€˜[01m[Krcl_interfaces::srv[m[Kâ€™ declared here
[1.767s]    27 | namespace [01;36m[Ksrv[m[K
[1.767s]       |           [01;36m[K^~~[m[K
[1.768s] In file included from [01m[K/home/dl/ROSHW_ws/src/mine_pubsub/src/publisher_oreyard.cpp:1[m[K:
[1.768s] [01m[K/home/dl/ROSHW_ws/src/mine_pubsub/include/mine_pubsub/publisher_oreyard.hpp:36:52:[m[K [01;31m[Kerror: [m[Ktemplate argument 1 is invalid
[1.768s]    36 |         rclcpp::Service<my_interfaces::srv::Digging[01;31m[K>[m[K::SharedPtr oreyard_server_;
[1.768s]       |                                                    [01;31m[K^[m[K
[1.768s] [01m[K/home/dl/ROSHW_ws/src/mine_pubsub/include/mine_pubsub/publisher_oreyard.hpp:36:55:[m[K [01;31m[Kerror: [m[Kexpected â€˜[01m[K;[m[Kâ€™ at end of member declaration
[1.768s]    36 |         rclcpp::Service<my_interfaces::srv::Digging>::[01;31m[KSharedPtr[m[K oreyard_server_;
[1.768s]       |                                                       [01;31m[K^~~~~~~~~[m[K
[1.768s]       |                                                                [32m[K;[m[K
[1.769s] [01m[K/home/dl/ROSHW_ws/src/mine_pubsub/include/mine_pubsub/publisher_oreyard.hpp:36:65:[m[K [01;31m[Kerror: [m[Kâ€˜[01m[Koreyard_server_[m[Kâ€™ does not name a type
[1.769s]    36 |         rclcpp::Service<my_interfaces::srv::Digging>::SharedPtr [01;31m[Koreyard_server_[m[K;
[1.769s]       |                                                                 [01;31m[K^~~~~~~~~~~~~~~[m[K
[2.417s] gmake[2]: *** [CMakeFiles/oreyard.dir/build.make:76ï¼šCMakeFiles/oreyard.dir/src/publisher_oreyard.cpp.o] é”™è¯¯ 1
[2.417s] gmake[1]: *** [CMakeFiles/Makefile2:139ï¼šCMakeFiles/oreyard.dir/all] é”™è¯¯ 2
[2.417s] gmake: *** [Makefile:146ï¼šall] é”™è¯¯ 2
[2.419s] Invoked command in '/home/dl/ROSHW_ws/build/mine_pubsub' returned '2': AMENT_PREFIX_PATH=/home/dl/ROSHW_ws/install/my_interfaces:${AMENT_PREFIX_PATH} CMAKE_PREFIX_PATH=/home/dl/ROSHW_ws/install/my_interfaces:/opt/ros/humble LD_LIBRARY_PATH=/home/dl/ROSHW_ws/install/my_interfaces/lib:${LD_LIBRARY_PATH} PYTHONPATH=/home/dl/ROSHW_ws/install/my_interfaces/local/lib/python3.10/dist-packages:${PYTHONPATH} /usr/bin/cmake --build /home/dl/ROSHW_ws/build/mine_pubsub -- -j16 -l16
