[0.010s] Invoking command in '/home/dl/ROSHW_ws/build/buffertransform': CMAKE_PREFIX_PATH=/opt/ros/humble /usr/bin/cmake /home/dl/ROSHW_ws/src/buffertransform -DCMAKE_INSTALL_PREFIX=/home/dl/ROSHW_ws/install/buffertransform
[0.022s] -- Found ament_cmake: 1.3.5 (/opt/ros/humble/share/ament_cmake/cmake)
[0.146s] -- Found geometry_msgs: 4.2.3 (/opt/ros/humble/share/geometry_msgs/cmake)
[0.184s] -- Found rosidl_generator_c: 3.1.5 (/opt/ros/humble/share/rosidl_generator_c/cmake)
[0.186s] -- Found rosidl_adapter: 3.1.5 (/opt/ros/humble/share/rosidl_adapter/cmake)
[0.191s] -- Found rosidl_generator_cpp: 3.1.5 (/opt/ros/humble/share/rosidl_generator_cpp/cmake)
[0.201s] -- Using all available rosidl_typesupport_c: rosidl_typesupport_fastrtps_c;rosidl_typesupport_introspection_c
[0.215s] -- Using all available rosidl_typesupport_cpp: rosidl_typesupport_fastrtps_cpp;rosidl_typesupport_introspection_cpp
[0.295s] -- Found rclcpp: 16.0.5 (/opt/ros/humble/share/rclcpp/cmake)
[0.329s] -- Found rmw_implementation_cmake: 6.1.1 (/opt/ros/humble/share/rmw_implementation_cmake/cmake)
[0.330s] -- Found rmw_fastrtps_cpp: 6.2.3 (/opt/ros/humble/share/rmw_fastrtps_cpp/cmake)
[0.422s] -- Using RMW implementation 'rmw_fastrtps_cpp' as default
[0.515s] -- Found tf2: 0.25.3 (/opt/ros/humble/share/tf2/cmake)
[0.521s] -- Found tf2_ros: 0.25.3 (/opt/ros/humble/share/tf2_ros/cmake)
[0.840s] -- Configuring done
[0.847s] -- Generating done
[0.848s] -- Build files have been written to: /home/dl/ROSHW_ws/build/buffertransform
[0.854s] Invoked command in '/home/dl/ROSHW_ws/build/buffertransform' returned '0': CMAKE_PREFIX_PATH=/opt/ros/humble /usr/bin/cmake /home/dl/ROSHW_ws/src/buffertransform -DCMAKE_INSTALL_PREFIX=/home/dl/ROSHW_ws/install/buffertransform
[0.855s] Invoking command in '/home/dl/ROSHW_ws/build/buffertransform': CMAKE_PREFIX_PATH=/opt/ros/humble /usr/bin/cmake --build /home/dl/ROSHW_ws/build/buffertransform -- -j16 -l16
[0.887s] [ 50%] [32mBuilding CXX object CMakeFiles/buffertransform.dir/src/buffertransform.cpp.o[0m
[2.675s] [01m[K/home/dl/ROSHW_ws/src/buffertransform/src/buffertransform.cpp:[m[K In function â€˜[01m[Kint main(int, char**)[m[Kâ€™:
[2.675s] [01m[K/home/dl/ROSHW_ws/src/buffertransform/src/buffertransform.cpp:39:33:[m[K [01;31m[Kerror: [m[Kâ€˜[01m[KFrameListener[m[Kâ€™ was not declared in this scope
[2.675s]    39 |   rclcpp::spin(std::make_shared<[01;31m[KFrameListener[m[K>());
[2.675s]       |                                 [01;31m[K^~~~~~~~~~~~~[m[K
[2.675s] [01m[K/home/dl/ROSHW_ws/src/buffertransform/src/buffertransform.cpp:39:47:[m[K [01;31m[Kerror: [m[Kno matching function for call to â€˜[01m[Kmake_shared<<expression error> >()[m[Kâ€™
[2.675s]    39 |   rclcpp::spin([01;31m[Kstd::make_shared<FrameListener>()[m[K);
[2.675s]       |                [01;31m[K~~~~~~~~~~~~~~~~~~~~~~~~~~~~~~~^~[m[K
[2.680s] In file included from [01m[K/usr/include/c++/11/memory:77[m[K,
[2.680s]                  from [01m[K/home/dl/ROSHW_ws/src/buffertransform/include/buffertransform/buffertransform.hpp:3[m[K,
[2.680s]                  from [01m[K/home/dl/ROSHW_ws/src/buffertransform/src/buffertransform.cpp:1[m[K:
[2.680s] [01m[K/usr/include/c++/11/bits/shared_ptr.h:875:5:[m[K [01;36m[Knote: [m[Kcandidate: â€˜[01m[Ktemplate<class _Tp, class ... _Args> std::shared_ptr<_Tp> std::make_shared(_Args&& ...)[m[Kâ€™
[2.681s]   875 |     [01;36m[Kmake_shared[m[K(_Args&&... __args)
[2.681s]       |     [01;36m[K^~~~~~~~~~~[m[K
[2.681s] [01m[K/usr/include/c++/11/bits/shared_ptr.h:875:5:[m[K [01;36m[Knote: [m[K  template argument deduction/substitution failed:
[2.681s] [01m[K/home/dl/ROSHW_ws/src/buffertransform/src/buffertransform.cpp:39:47:[m[K [01;31m[Kerror: [m[Ktemplate argument 1 is invalid
[2.681s]    39 |   rclcpp::spin([01;31m[Kstd::make_shared<FrameListener>()[m[K);
[2.681s]       |                [01;31m[K~~~~~~~~~~~~~~~~~~~~~~~~~~~~~~~^~[m[K
[3.036s] gmake[2]: *** [CMakeFiles/buffertransform.dir/build.make:76ï¼šCMakeFiles/buffertransform.dir/src/buffertransform.cpp.o] é”™è¯¯ 1
[3.036s] gmake[1]: *** [CMakeFiles/Makefile2:137ï¼šCMakeFiles/buffertransform.dir/all] é”™è¯¯ 2
[3.036s] gmake: *** [Makefile:146ï¼šall] é”™è¯¯ 2
[3.038s] Invoked command in '/home/dl/ROSHW_ws/build/buffertransform' returned '2': CMAKE_PREFIX_PATH=/opt/ros/humble /usr/bin/cmake --build /home/dl/ROSHW_ws/build/buffertransform -- -j16 -l16
