[0.007s] Invoking command in '/home/dl/ROSHW_ws/build/mine_pubsub': AMENT_PREFIX_PATH=/home/dl/ROSHW_ws/install/my_interfaces:${AMENT_PREFIX_PATH} CMAKE_PREFIX_PATH=/home/dl/ROSHW_ws/install/my_interfaces:/opt/ros/humble LD_LIBRARY_PATH=/home/dl/ROSHW_ws/install/my_interfaces/lib:${LD_LIBRARY_PATH} PYTHONPATH=/home/dl/ROSHW_ws/install/my_interfaces/local/lib/python3.10/dist-packages:${PYTHONPATH} /usr/bin/cmake --build /home/dl/ROSHW_ws/build/mine_pubsub -- -j16 -l16
[0.042s] [35m[1mConsolidate compiler generated dependencies of target oreyard[0m
[0.042s] [35m[1mConsolidate compiler generated dependencies of target miner[0m
[0.055s] [ 75%] [32mBuilding CXX object CMakeFiles/oreyard.dir/src/publisher_oreyard.cpp.o[0m
[0.055s] [ 75%] Built target miner
[1.770s] In file included from [01m[K/home/dl/ROSHW_ws/src/mine_pubsub/src/publisher_oreyard.cpp:1[m[K:
[1.771s] [01m[K/home/dl/ROSHW_ws/src/mine_pubsub/include/mine_pubsub/publisher_oreyard.hpp:36:38:[m[K [01;31m[Kerror: [m[Ktemplate argument 1 is invalid
[1.771s]    36 |         rclcpp::Service<my_interfaces[01;31m[K>[m[K
[1.771s]       |                                      [01;31m[K^[m[K
[1.771s] [01m[K/home/dl/ROSHW_ws/src/mine_pubsub/include/mine_pubsub/publisher_oreyard.hpp:37:9:[m[K [01;31m[Kerror: [m[Kinvalid use of qualified-name â€˜[01m[Krclcpp::TimerBase::SharedPtr[m[Kâ€™
[1.771s]    37 |         [01;31m[Krclcpp[m[K::TimerBase::SharedPtr timer_;
[1.771s]       |         [01;31m[K^~~~~~[m[K
[1.771s] [01m[K/home/dl/ROSHW_ws/src/mine_pubsub/include/mine_pubsub/publisher_oreyard.hpp:37:28:[m[K [01;31m[Kerror: [m[Kexpected â€˜[01m[K;[m[Kâ€™ at end of member declaration
[1.771s]    37 |         rclcpp::TimerBase::[01;31m[KSharedPtr[m[K timer_;
[1.771s]       |                            [01;31m[K^~~~~~~~~[m[K
[1.771s]       |                                     [32m[K;[m[K
[1.778s] [01m[K/home/dl/ROSHW_ws/src/mine_pubsub/include/mine_pubsub/publisher_oreyard.hpp:37:38:[m[K [01;31m[Kerror: [m[Kâ€˜[01m[Ktimer_[m[Kâ€™ does not name a type; did you mean â€˜[01m[Ktimer_t[m[Kâ€™?
[1.778s]    37 |         rclcpp::TimerBase::SharedPtr [01;31m[Ktimer_[m[K;
[1.778s]       |                                      [01;31m[K^~~~~~[m[K
[1.778s]       |                                      [32m[Ktimer_t[m[K
[1.785s] [01m[K/home/dl/ROSHW_ws/src/mine_pubsub/include/mine_pubsub/publisher_oreyard.hpp:[m[K In constructor â€˜[01m[KMine::OreyardPublisher::OreyardPublisher(const string&)[m[Kâ€™:
[1.785s] [01m[K/home/dl/ROSHW_ws/src/mine_pubsub/include/mine_pubsub/publisher_oreyard.hpp:28:13:[m[K [01;31m[Kerror: [m[Kâ€˜[01m[Ktimer_[m[Kâ€™ was not declared in this scope; did you mean â€˜[01m[Ktimer_t[m[Kâ€™?
[1.785s]    28 |             [01;31m[Ktimer_[m[K= this->create_wall_timer(1000ms, std::bind(&OreyardPublisher::timer_callback, this));
[1.786s]       |             [01;31m[K^~~~~~[m[K
[1.786s]       |             [32m[Ktimer_t[m[K
[2.404s] gmake[2]: *** [CMakeFiles/oreyard.dir/build.make:76ï¼šCMakeFiles/oreyard.dir/src/publisher_oreyard.cpp.o] é”™è¯¯ 1
[2.405s] gmake[1]: *** [CMakeFiles/Makefile2:139ï¼šCMakeFiles/oreyard.dir/all] é”™è¯¯ 2
[2.405s] gmake: *** [Makefile:146ï¼šall] é”™è¯¯ 2
[2.407s] Invoked command in '/home/dl/ROSHW_ws/build/mine_pubsub' returned '2': AMENT_PREFIX_PATH=/home/dl/ROSHW_ws/install/my_interfaces:${AMENT_PREFIX_PATH} CMAKE_PREFIX_PATH=/home/dl/ROSHW_ws/install/my_interfaces:/opt/ros/humble LD_LIBRARY_PATH=/home/dl/ROSHW_ws/install/my_interfaces/lib:${LD_LIBRARY_PATH} PYTHONPATH=/home/dl/ROSHW_ws/install/my_interfaces/local/lib/python3.10/dist-packages:${PYTHONPATH} /usr/bin/cmake --build /home/dl/ROSHW_ws/build/mine_pubsub -- -j16 -l16
