[0.009s] Invoking command in '/home/dl/ignition_ws/build/my_ignition_demo': CMAKE_PREFIX_PATH=/opt/ros/humble /usr/bin/cmake --build /home/dl/ignition_ws/build/my_ignition_demo -- -j16 -l16
[0.041s] [35m[1mConsolidate compiler generated dependencies of target myrobot_follow[0m
[0.055s] [ 50%] [32mBuilding CXX object CMakeFiles/myrobot_follow.dir/src/myrobot_follow.cpp.o[0m
[7.716s] [100%] [32m[1mLinking CXX executable myrobot_follow[0m
[7.865s] /usr/bin/ld: warning: libopencv_imgproc.so.4.5d, needed by /opt/ros/humble/lib/libcv_bridge.so, may conflict with libopencv_imgproc.so.407
[7.865s] /usr/bin/ld: warning: libopencv_core.so.4.5d, needed by /opt/ros/humble/lib/libcv_bridge.so, may conflict with libopencv_core.so.407
[8.212s] /usr/bin/ld: CMakeFiles/myrobot_follow.dir/src/myrobot_follow.cpp.o: in function `Mydemo::Myrobot_follow::topic_callback(sensor_msgs::msg::Image_<std::allocator<void> > const&)':
[8.212s] myrobot_follow.cpp:(.text+0xa1c): undefined reference to `Mydemo::Myrobot_follow::findCenter(cv::Mat&, double&, double&, double, bool&)'
[8.266s] collect2: error: ld returned 1 exit status
[8.267s] gmake[2]: *** [CMakeFiles/myrobot_follow.dir/build.make:191ï¼šmyrobot_follow] é”™è¯¯ 1
[8.268s] gmake[1]: *** [CMakeFiles/Makefile2:137ï¼šCMakeFiles/myrobot_follow.dir/all] é”™è¯¯ 2
[8.268s] gmake: *** [Makefile:146ï¼šall] é”™è¯¯ 2
[8.269s] Invoked command in '/home/dl/ignition_ws/build/my_ignition_demo' returned '2': CMAKE_PREFIX_PATH=/opt/ros/humble /usr/bin/cmake --build /home/dl/ignition_ws/build/my_ignition_demo -- -j16 -l16
