[35m[1mConsolidate compiler generated dependencies of target myrobot_follow[0m
[ 50%] [32mBuilding CXX object CMakeFiles/myrobot_follow.dir/src/myrobot_follow.cpp.o[0m
[01m[K/home/dl/ignition_ws/src/my_ignition_demo/src/myrobot_follow.cpp:[m[K In function â€˜[01m[Kvoid Mydemo::findCenter(cv::Mat&, double&, double&, double&, bool&)[m[Kâ€™:
[01m[K/home/dl/ignition_ws/src/my_ignition_demo/src/myrobot_follow.cpp:20:31:[m[K [01;35m[Kwarning: [m[Kcomparison of integer expressions of different signedness: â€˜[01m[Kint[m[Kâ€™ and â€˜[01m[Kstd::vector<std::vector<cv::Point_<int> > >::size_type[m[Kâ€™ {aka â€˜[01m[Klong unsigned int[m[Kâ€™} [[01;35m[K]8;;https://gcc.gnu.org/onlinedocs/gcc/Warning-Options.html#index-Wsign-compare-Wsign-compare]8;;[m[K]
   20 |             for (int i = 0; [01;35m[Ki < contours.size()[m[K; i ++)
      |                             [01;35m[K~~^~~~~~~~~~~~~~~~~[m[K
[100%] [32m[1mLinking CXX executable myrobot_follow[0m
/usr/bin/ld: warning: libopencv_imgproc.so.4.5d, needed by /opt/ros/humble/lib/libcv_bridge.so, may conflict with libopencv_imgproc.so.407
/usr/bin/ld: warning: libopencv_core.so.4.5d, needed by /opt/ros/humble/lib/libcv_bridge.so, may conflict with libopencv_core.so.407
/usr/bin/ld: CMakeFiles/myrobot_follow.dir/src/myrobot_follow.cpp.o: in function `Mydemo::Myrobot_follow::topic_callback(sensor_msgs::msg::Image_<std::allocator<void> > const&)':
myrobot_follow.cpp:(.text+0xa20): undefined reference to `Mydemo::Myrobot_follow::findCenter(cv::Mat&, double&, double&, double, bool&)'
collect2: error: ld returned 1 exit status
gmake[2]: *** [CMakeFiles/myrobot_follow.dir/build.make:191ï¼šmyrobot_follow] é”™è¯¯ 1
gmake[1]: *** [CMakeFiles/Makefile2:137ï¼šCMakeFiles/myrobot_follow.dir/all] é”™è¯¯ 2
gmake: *** [Makefile:146ï¼šall] é”™è¯¯ 2
