[0.009s] Invoking command in '/home/dl/ROSHW_ws/build/buffertransform': CMAKE_PREFIX_PATH=/opt/ros/humble /usr/bin/cmake --build /home/dl/ROSHW_ws/build/buffertransform -- -j16 -l16
[0.085s] [ 50%] [32mBuilding CXX object CMakeFiles/buffertransform.dir/src/buffertransform.cpp.o[0m
[1.942s] In file included from [01m[K/home/dl/ROSHW_ws/src/buffertransform/src/buffertransform.cpp:1[m[K:
[1.942s] [01m[K/home/dl/ROSHW_ws/src/buffertransform/include/buffertransform/buffertransform.hpp:[m[K In constructor â€˜[01m[KBuffertransform::Buffertransform(char**)[m[Kâ€™:
[1.942s] [01m[K/home/dl/ROSHW_ws/src/buffertransform/include/buffertransform/buffertransform.hpp:21:20:[m[K [01;31m[Kerror: [m[Kâ€˜[01m[Kusing PoseStamped = struct geometry_msgs::msg::PoseStamped_<std::allocator<void> >[m[Kâ€™ {aka â€˜[01m[Kstruct geometry_msgs::msg::PoseStamped_<std::allocator<void> >[m[Kâ€™} has no member named â€˜[01m[Kpoint[m[Kâ€™
[1.942s]    21 |         input_pos_.[01;31m[Kpoint[m[K.x = std::stof(argv[1]);
[1.943s]       |                    [01;31m[K^~~~~[m[K
[1.943s] [01m[K/home/dl/ROSHW_ws/src/buffertransform/include/buffertransform/buffertransform.hpp:22:20:[m[K [01;31m[Kerror: [m[Kâ€˜[01m[Kusing PoseStamped = struct geometry_msgs::msg::PoseStamped_<std::allocator<void> >[m[Kâ€™ {aka â€˜[01m[Kstruct geometry_msgs::msg::PoseStamped_<std::allocator<void> >[m[Kâ€™} has no member named â€˜[01m[Kpoint[m[Kâ€™
[1.943s]    22 |         input_pos_.[01;31m[Kpoint[m[K.y = std::stof(argv[2]);
[1.943s]       |                    [01;31m[K^~~~~[m[K
[1.943s] [01m[K/home/dl/ROSHW_ws/src/buffertransform/include/buffertransform/buffertransform.hpp:23:20:[m[K [01;31m[Kerror: [m[Kâ€˜[01m[Kusing PoseStamped = struct geometry_msgs::msg::PoseStamped_<std::allocator<void> >[m[Kâ€™ {aka â€˜[01m[Kstruct geometry_msgs::msg::PoseStamped_<std::allocator<void> >[m[Kâ€™} has no member named â€˜[01m[Kpoint[m[Kâ€™
[1.943s]    23 |         input_pos_.[01;31m[Kpoint[m[K.z = std::stof(argv[3]);
[1.943s]       |                    [01;31m[K^~~~~[m[K
[2.335s] gmake[2]: *** [CMakeFiles/buffertransform.dir/build.make:76ï¼šCMakeFiles/buffertransform.dir/src/buffertransform.cpp.o] é”™è¯¯ 1
[2.335s] gmake[1]: *** [CMakeFiles/Makefile2:137ï¼šCMakeFiles/buffertransform.dir/all] é”™è¯¯ 2
[2.335s] gmake: *** [Makefile:146ï¼šall] é”™è¯¯ 2
[2.336s] Invoked command in '/home/dl/ROSHW_ws/build/buffertransform' returned '2': CMAKE_PREFIX_PATH=/opt/ros/humble /usr/bin/cmake --build /home/dl/ROSHW_ws/build/buffertransform -- -j16 -l16
