[0.009s] Invoking command in '/home/dl/ROSHW_ws/build/buffertransform': CMAKE_PREFIX_PATH=/opt/ros/humble /usr/bin/cmake --build /home/dl/ROSHW_ws/build/buffertransform -- -j16 -l16
[0.055s] [35m[1mConsolidate compiler generated dependencies of target buffertransform[0m
[0.074s] [ 50%] [32mBuilding CXX object CMakeFiles/buffertransform.dir/src/buffertransform.cpp.o[0m
[0.228s] In file included from [01m[K/home/dl/ROSHW_ws/src/buffertransform/src/buffertransform.cpp:1[m[K:
[0.228s] [01m[K/home/dl/ROSHW_ws/src/buffertransform/include/buffertransform/buffertransform.hpp:11:10:[m[K [01;31m[Kfatal error: [m[Ktf2_geometry_msgs/tf2_geometry_msgs.hpp: æ²¡æœ‰é‚£ä¸ªæ–‡ä»¶æˆ–ç›®å½•
[0.228s]    11 | #include [01;31m[K"tf2_geometry_msgs/tf2_geometry_msgs.hpp"[m[K
[0.228s]       |          [01;31m[K^~~~~~~~~~~~~~~~~~~~~~~~~~~~~~~~~~~~~~~~~[m[K
[0.228s] compilation terminated.
[0.234s] gmake[2]: *** [CMakeFiles/buffertransform.dir/build.make:76ï¼šCMakeFiles/buffertransform.dir/src/buffertransform.cpp.o] é”™è¯¯ 1
[0.235s] gmake[1]: *** [CMakeFiles/Makefile2:137ï¼šCMakeFiles/buffertransform.dir/all] é”™è¯¯ 2
[0.235s] gmake: *** [Makefile:146ï¼šall] é”™è¯¯ 2
[0.237s] Invoked command in '/home/dl/ROSHW_ws/build/buffertransform' returned '2': CMAKE_PREFIX_PATH=/opt/ros/humble /usr/bin/cmake --build /home/dl/ROSHW_ws/build/buffertransform -- -j16 -l16
